Arguments: 
  /usr/local/Cellar/node/9.7.1_1/bin/node /Users/cfrancisco26/.yarn/bin/yarn.js run bootstrap

PATH: 
  /Users/cfrancisco26/.yarn/bin:/Users/cfrancisco26/.config/yarn/global/node_modules/.bin:/usr/local/bin:/usr/local/sbin:~/bin:/Users/cfrancisco26/.rbenv/bin:/Users/cfrancisco26/.rbenv/shims:/usr/local/bin:/usr/bin:/bin:/usr/sbin:/sbin

Yarn version: 
  1.5.1

Node version: 
  9.7.1

Platform: 
  darwin x64

npm manifest: 
  {
    "name": "Record_Store_CMS",
    "version": "1.0.0",
    "description": "",
    "main": "index.js",
    "scripts": {
      "test": "echo \"Error: no test specified\" && exit 1"
    },
    "keywords": [],
    "author": "",
    "license": "ISC",
    "dependencies": {
      "babel-core": "^6.26.3",
      "babel-loader": "^7.1.5",
      "babel-preset-env": "^1.7.0",
      "babel-preset-react": "^6.24.1",
      "babel-preset-stage-1": "^6.24.1",
      "express": "^4.16.3",
      "react": "^16.4.1",
      "react-bootstrap": "^0.32.1",
      "react-dom": "^16.4.1",
      "react-redux": "^5.0.7",
      "react-router": "^3.0.2",
      "react-router-bootstrap": "^0.24.4",
      "redux": "^4.0.0"
    },
    "devDependencies": {
      "redux-logger": "^3.0.6",
      "webpack": "^4.15.1"
    }
  }

yarn manifest: 
  No manifest

Lockfile: 
  No lockfile

Trace: 
  Error: Command "bootstrap" not found.
      at new MessageError (/Users/cfrancisco26/.yarn/lib/cli.js:186:110)
      at /Users/cfrancisco26/.yarn/lib/cli.js:87307:17
      at Generator.next (<anonymous>)
      at step (/Users/cfrancisco26/.yarn/lib/cli.js:98:30)
      at /Users/cfrancisco26/.yarn/lib/cli.js:116:14
      at new Promise (<anonymous>)
      at new F (/Users/cfrancisco26/.yarn/lib/cli.js:23451:28)
      at /Users/cfrancisco26/.yarn/lib/cli.js:95:12
      at runCommand (/Users/cfrancisco26/.yarn/lib/cli.js:87312:22)
      at Object.<anonymous> (/Users/cfrancisco26/.yarn/lib/cli.js:87412:14)
